2022-05-01T10:30:59.5736015 500 : [{"timestamp":"2022-05-01T14:30:59.544+00:00","status":500,"error":"Internal Server Error","message":"PreparedStatementCallback; SQL [SELECT transfer_id, amount, tt.transfer_type_desc, ts.transfer_stat... (853 bytes)]
2022-05-01T10:33:56.061435 500 : [{"timestamp":"2022-05-01T14:33:56.032+00:00","status":500,"error":"Internal Server Error","message":"PreparedStatementCallback; SQL [SELECT transfer_id, amount, tt.transfer_type_desc, ts.transfer_stat... (853 bytes)]
2022-05-01T10:36:42.0373803 500 : [{"timestamp":"2022-05-01T14:36:42.010+00:00","status":500,"error":"Internal Server Error","message":"PreparedStatementCallback; SQL [SELECT transfer_id, amount, tt.transfer_type_desc, ts.transfer_stat... (853 bytes)]
2022-05-01T10:37:41.4546954 500 : [{"timestamp":"2022-05-01T14:37:41.426+00:00","status":500,"error":"Internal Server Error","message":"PreparedStatementCallback; SQL [SELECT transfer_id, amount, tt.transfer_type_desc, ts.transfer_stat... (853 bytes)]
2022-05-01T10:38:59.2617533 500 : [{"timestamp":"2022-05-01T14:38:59.235+00:00","status":500,"error":"Internal Server Error","message":"Invalid column name; nested exception is java.sql.SQLException: Invalid column name","path":"/transfers"}]
2022-05-01T10:42:59.8120905 500 : [{"timestamp":"2022-05-01T14:42:59.782+00:00","status":500,"error":"Internal Server Error","message":"Invalid column name; nested exception is java.sql.SQLException: Invalid column name","path":"/transfers"}]
2022-05-01T10:43:58.7770976 500 : [{"timestamp":"2022-05-01T14:43:58.746+00:00","status":500,"error":"Internal Server Error","message":"Invalid column name; nested exception is java.sql.SQLException: Invalid column name","path":"/transfers"}]
2022-05-01T10:45:59.2393938 500 : [{"timestamp":"2022-05-01T14:45:59.216+00:00","status":500,"error":"Internal Server Error","message":"Invalid column name; nested exception is java.sql.SQLException: Invalid column name","path":"/transfers"}]
2022-05-01T10:49:30.2357713 500 : [{"timestamp":"2022-05-01T14:49:30.203+00:00","status":500,"error":"Internal Server Error","message":"Invalid column name; nested exception is java.sql.SQLException: Invalid column name","path":"/transfers"}]
2022-05-01T11:04:02.1312951 404 : [{"timestamp":"2022-05-01T15:04:02.105+00:00","status":404,"error":"Not Found","message":"No message available","path":"/transfers/3001"}]
2022-05-01T11:09:08.135759 404 : [{"timestamp":"2022-05-01T15:09:08.102+00:00","status":404,"error":"Not Found","message":"No message available","path":"/transfers/3001"}]
2022-05-01T11:09:08.1557562 404 : [{"timestamp":"2022-05-01T15:09:08.154+00:00","status":404,"error":"Not Found","message":"No message available","path":"/transfers/3001"}]
2022-05-01T11:13:31.9387991 404 : [{"timestamp":"2022-05-01T15:13:31.900+00:00","status":404,"error":"Not Found","message":"No message available","path":"/transfers/3001"}]
2022-05-01T11:13:31.9658012 404 : [{"timestamp":"2022-05-01T15:13:31.963+00:00","status":404,"error":"Not Found","message":"No message available","path":"/transfers/3001"}]
2022-05-01T11:22:20.2457478 404 : [{"timestamp":"2022-05-01T15:22:20.224+00:00","status":404,"error":"Not Found","message":"No message available","path":"/transfers/3001"}]
2022-05-01T11:22:20.2707479 404 : [{"timestamp":"2022-05-01T15:22:20.269+00:00","status":404,"error":"Not Found","message":"No message available","path":"/transfers/3001"}]
2022-05-01T13:44:59.5883793 500 : [{"timestamp":"2022-05-01T17:44:59.560+00:00","status":500,"error":"Internal Server Error","message":"Invalid column name; nested exception is java.sql.SQLException: Invalid column name","path":"/transfers/3001"}]
2022-05-01T13:44:59.609381 500 : [{"timestamp":"2022-05-01T17:44:59.608+00:00","status":500,"error":"Internal Server Error","message":"Invalid column name; nested exception is java.sql.SQLException: Invalid column name","path":"/transfers/3001"}]
2022-05-01T14:01:02.179783 500 : [{"timestamp":"2022-05-01T18:01:02.155+00:00","status":500,"error":"Internal Server Error","message":"Transfer not logged.","path":"/transfers/"}]
2022-05-01T14:34:07.0266197 401 : [no body]
